Added Component: Designator=LED_BALL(LED-5MM-PCB)
Add component. Clean all parameters for all variants
Added Component: Designator=LED_COM(LED-5MM-PCB)
Add component. Clean all parameters for all variants
Added Component: Designator=R4(0201-RES)
Add component. Clean all parameters for all variants
Add component (AddParameter): Name = "Part No"; Value = "ERJ-2RKF1500X"; VariantName = "[No Variations]"
Added Component: Designator=R5(0201-RES)
Add component. Clean all parameters for all variants
Add component (AddParameter): Name = "Part No"; Value = "ERJ-2RKF1500X"; VariantName = "[No Variations]"
Added Component: Designator=R6(0201-RES)
Add component. Clean all parameters for all variants
Add component (AddParameter): Name = "Part No"; Value = "ERJ-2RKF1500X"; VariantName = "[No Variations]"
Added Component: Designator=R7(0201-RES)
Add component. Clean all parameters for all variants
Add component (AddParameter): Name = "Part No"; Value = "ERJ-2RKF1500X"; VariantName = "[No Variations]"
Added Pin To Net: NetName=GND Pin=LED_BALL-1
Added Pin To Net: NetName=GND Pin=LED_COM-1
Added Pin To Net: NetName=Blue_led Pin=R6-1
Added Pin To Net: NetName=Blue_led Pin=R7-1
Added Pin To Net: NetName=Blue_led Pin=STM32F4-DISCOVERY-SCH-P1_47
Added Net: Name=Blue_led
Added Pin To Net: NetName=NetLED_BALL_2 Pin=LED_BALL-2
Added Pin To Net: NetName=NetLED_BALL_2 Pin=R4-2
Added Pin To Net: NetName=NetLED_BALL_2 Pin=R5-2
Added Net: Name=NetLED_BALL_2
Added Pin To Net: NetName=NetLED_COM_2 Pin=LED_COM-2
Added Pin To Net: NetName=NetLED_COM_2 Pin=R6-2
Added Pin To Net: NetName=NetLED_COM_2 Pin=R7-2
Added Net: Name=NetLED_COM_2
Added Pin To Net: NetName=Red_led Pin=R4-1
Added Pin To Net: NetName=Red_led Pin=R5-1
Added Pin To Net: NetName=Red_led Pin=STM32F4-DISCOVERY-SCH-P1_46
Added Net: Name=Red_led
Added Member To Class: ClassName=mpu-9250 Member=Component LED_BALL LED
Added Member To Class: ClassName=mpu-9250 Member=Component LED_COM LED
Added Member To Class: ClassName=mpu-9250 Member=Component R4 150R
Added Member To Class: ClassName=mpu-9250 Member=Component R5 150R
Added Member To Class: ClassName=mpu-9250 Member=Component R6 150R
Added Member To Class: ClassName=mpu-9250 Member=Component R7 150R
